[    0.000000] Linux version 4.15.0-111-generic (buildd@lcy01-amd64-011) (gcc version 7.5.0 (Ubuntu 7.5.0-3ubuntu1~18.04)) #112-Ubuntu SMP Thu Jul 9 20:32:34 UTC 2020 (Ubuntu 4.15.0-111.112-generic 4.15.18)
[    0.000000] Command line: BOOT_IMAGE=/boot/vmlinuz-4.15.0-111-generic root=LABEL=cloudimg-rootfs ro console=tty1 console=ttyS0
[    0.000000] KERNEL supported cpus:
[    0.000000]   Intel GenuineIntel
[    0.000000]   AMD AuthenticAMD
[    0.000000]   Centaur CentaurHauls
[    0.000000] x86/fpu: Supporting XSAVE feature 0x001: 'x87 floating point registers'
[    0.000000] x86/fpu: Supporting XSAVE feature 0x002: 'SSE registers'
[    0.000000] x86/fpu: Supporting XSAVE feature 0x004: 'AVX registers'
[    0.000000] x86/fpu: xstate_offset[2]:  576, xstate_sizes[2]:  256
[    0.000000] x86/fpu: Enabled xstate features 0x7, context size is 832 bytes, using 'standard' format.
[    0.000000] e820: BIOS-provided physical RAM map:
[    0.000000] BIOS-e820: [mem 0x0000000000000000-0x000000000009fbff] usable
[    0.000000] BIOS-e820: [mem 0x000000000009fc00-0x000000000009ffff] reserved
[    0.000000] BIOS-e820: [mem 0x00000000000f0000-0x00000000000fffff] reserved
[    0.000000] BIOS-e820: [mem 0x0000000000100000-0x000000003ffeffff] usable
[    0.000000] BIOS-e820: [mem 0x000000003fff0000-0x000000003fffffff] ACPI data
[    0.000000] BIOS-e820: [mem 0x00000000fec00000-0x00000000fec00fff] reserved
[    0.000000] BIOS-e820: [mem 0x00000000fee00000-0x00000000fee00fff] reserved
[    0.000000] BIOS-e820: [mem 0x00000000fffc0000-0x00000000ffffffff] reserved
[    0.000000] NX (Execute Disable) protection: active
[    0.000000] SMBIOS 2.5 present.
[    0.000000] DMI: innotek GmbH VirtualBox/VirtualBox, BIOS VirtualBox 12/01/2006
[    0.000000] Hypervisor detected: KVM
[    0.000000] e820: last_pfn = 0x3fff0 max_arch_pfn = 0x400000000
[    0.000000] MTRR: Disabled
[    0.000000] x86/PAT: MTRRs disabled, skipping PAT initialization too.
[    0.000000] CPU MTRRs all blank - virtualized system.
[    0.000000] x86/PAT: Configuration [0-7]: WB  WT  UC- UC  WB  WT  UC- UC  
[    0.000000] found SMP MP-table at [mem 0x0009fff0-0x0009ffff]
[    0.000000] Scanning 1 areas for low memory corruption
[    0.000000] RAMDISK: [mem 0x35a67000-0x36d2afff]
[    0.000000] ACPI: Early table checksum verification disabled
[    0.000000] ACPI: RSDP 0x00000000000E0000 000024 (v02 VBOX  )
[    0.000000] ACPI: XSDT 0x000000003FFF0030 00003C (v01 VBOX   VBOXXSDT 00000001 ASL  00000061)
[    0.000000] ACPI: FACP 0x000000003FFF00F0 0000F4 (v04 VBOX   VBOXFACP 00000001 ASL  00000061)
[    0.000000] ACPI: DSDT 0x000000003FFF0470 002325 (v02 VBOX   VBOXBIOS 00000002 INTL 20100528)
[    0.000000] ACPI: FACS 0x000000003FFF0200 000040
[    0.000000] ACPI: FACS 0x000000003FFF0200 000040
[    0.000000] ACPI: APIC 0x000000003FFF0240 00005C (v02 VBOX   VBOXAPIC 00000001 ASL  00000061)
[    0.000000] ACPI: SSDT 0x000000003FFF02A0 0001CC (v01 VBOX   VBOXCPUT 00000002 INTL 20100528)
[    0.000000] No NUMA configuration found
[    0.000000] Faking a node at [mem 0x0000000000000000-0x000000003ffeffff]
[    0.000000] NODE_DATA(0) allocated [mem 0x3ffc5000-0x3ffeffff]
[    0.000000] kvm-clock: cpu 0, msr 0:3ff44001, primary cpu clock
[    0.000000] kvm-clock: Using msrs 4b564d01 and 4b564d00
[    0.000000] kvm-clock: using sched offset of 6575665321 cycles
[    0.000000] clocksource: kvm-clock: mask: 0xffffffffffffffff max_cycles: 0x1cd42e4dffb, max_idle_ns: 881590591483 ns
[    0.000000] Zone ranges:
[    0.000000]   DMA      [mem 0x0000000000001000-0x0000000000ffffff]
[    0.000000]   DMA32    [mem 0x0000000001000000-0x000000003ffeffff]
[    0.000000]   Normal   empty
[    0.000000]   Device   empty
[    0.000000] Movable zone start for each node
[    0.000000] Early memory node ranges
[    0.000000]   node   0: [mem 0x0000000000001000-0x000000000009efff]
[    0.000000]   node   0: [mem 0x0000000000100000-0x000000003ffeffff]
[    0.000000] Reserved but unavailable: 98 pages
[    0.000000] Initmem setup node 0 [mem 0x0000000000001000-0x000000003ffeffff]
[    0.000000] ACPI: PM-Timer IO Port: 0x4008
[    0.000000] IOAPIC[0]: apic_id 2, version 32, address 0xfec00000, GSI 0-23
[    0.000000] ACPI: INT_SRC_OVR (bus 0 bus_irq 0 global_irq 2 dfl dfl)
[    0.000000] ACPI: INT_SRC_OVR (bus 0 bus_irq 9 global_irq 9 low level)
[    0.000000] Using ACPI (MADT) for SMP configuration information
[    0.000000] smpboot: Allowing 2 CPUs, 0 hotplug CPUs
[    0.000000] PM: Registered nosave memory: [mem 0x00000000-0x00000fff]
[    0.000000] PM: Registered nosave memory: [mem 0x0009f000-0x0009ffff]
[    0.000000] PM: Registered nosave memory: [mem 0x000a0000-0x000effff]
[    0.000000] PM: Registered nosave memory: [mem 0x000f0000-0x000fffff]
[    0.000000] e820: [mem 0x40000000-0xfebfffff] available for PCI devices
[    0.000000] Booting paravirtualized kernel on KVM
[    0.000000] clocksource: refined-jiffies: mask: 0xffffffff max_cycles: 0xffffffff, max_idle_ns: 7645519600211568 ns
[    0.000000] random: get_random_bytes called from start_kernel+0x99/0x500 with crng_init=0
[    0.000000] setup_percpu: NR_CPUS:8192 nr_cpumask_bits:2 nr_cpu_ids:2 nr_node_ids:1
[    0.000000] percpu: Embedded 45 pages/cpu s147456 r8192 d28672 u1048576
[    0.000000] PV qspinlock hash table entries: 256 (order: 0, 4096 bytes)
[    0.000000] Built 1 zonelists, mobility grouping on.  Total pages: 257913
[    0.000000] Policy zone: DMA32
[    0.000000] Kernel command line: BOOT_IMAGE=/boot/vmlinuz-4.15.0-111-generic root=LABEL=cloudimg-rootfs ro console=tty1 console=ttyS0
[    0.000000] Memory: 983036K/1048120K available (12300K kernel code, 2481K rwdata, 4272K rodata, 2436K init, 2720K bss, 65084K reserved, 0K cma-reserved)
[    0.000000] SLUB: HWalign=64, Order=0-3, MinObjects=0, CPUs=2, Nodes=1
[    0.000000] Kernel/User page tables isolation: enabled
[    0.000000] ftrace: allocating 39378 entries in 154 pages
[    0.004000] Hierarchical RCU implementation.
[    0.004000] 	RCU restricting CPUs from NR_CPUS=8192 to nr_cpu_ids=2.
[    0.004000] 	Tasks RCU enabled.
[    0.004000] RCU: Adjusting geometry for rcu_fanout_leaf=16, nr_cpu_ids=2
[    0.004000] NR_IRQS: 524544, nr_irqs: 440, preallocated irqs: 16
[    0.004000] Console: colour VGA+ 80x25
[    0.004000] console [tty1] enabled
[    0.004000] console [ttyS0] enabled
[    0.004000] ACPI: Core revision 20170831
[    0.004000] ACPI: 2 ACPI AML tables successfully acquired and loaded
[    0.004000] APIC: Switch to symmetric I/O mode setup
[    0.004000] x2apic enabled
[    0.004013] Switched APIC routing to physical x2apic.
[    0.011471] ..TIMER: vector=0x30 apic1=0 pin1=2 apic2=-1 pin2=-1
[    0.012005] tsc: Detected 1799.997 MHz processor
[    0.016021] Calibrating delay loop (skipped) preset value.. 3599.99 BogoMIPS (lpj=7199988)
[    0.020005] pid_max: default: 32768 minimum: 301
[    0.022414] Security Framework initialized
[    0.024006] Yama: becoming mindful.
[    0.028047] AppArmor: AppArmor initialized
[    0.032097] Dentry cache hash table entries: 131072 (order: 8, 1048576 bytes)
[    0.036127] Inode-cache hash table entries: 65536 (order: 7, 524288 bytes)
[    0.040028] Mount-cache hash table entries: 2048 (order: 2, 16384 bytes)
[    0.044013] Mountpoint-cache hash table entries: 2048 (order: 2, 16384 bytes)
[    0.048673] Last level iTLB entries: 4KB 64, 2MB 8, 4MB 8
[    0.052006] Last level dTLB entries: 4KB 64, 2MB 0, 4MB 0, 1GB 4
[    0.054910] Spectre V1 : Mitigation: usercopy/swapgs barriers and __user pointer sanitization
[    0.056005] Spectre V2 : Mitigation: Full generic retpoline
[    0.060004] Spectre V2 : Spectre v2 / SpectreRSB mitigation: Filling RSB on context switch
[    0.064004] Speculative Store Bypass: Vulnerable
[    0.068106] SRBDS: Unknown: Dependent on hypervisor status
[    0.072005] MDS: Mitigation: Clear CPU buffers
[    0.074818] Freeing SMP alternatives memory: 36K
[    0.190310] smpboot: CPU0: Intel(R) Core(TM) i5-8250U CPU @ 1.60GHz (family: 0x6, model: 0x8e, stepping: 0xa)
[    0.192142] Performance Events: unsupported p6 CPU model 142 no PMU driver, software events only.
[    0.196075] Hierarchical SRCU implementation.
[    0.201238] NMI watchdog: Perf event create on CPU 0 failed with -2
[    0.204004] NMI watchdog: Perf NMI watchdog permanently disabled
[    0.208097] smp: Bringing up secondary CPUs ...
[    0.210812] x86: Booting SMP configuration:
[    0.212006] .... node  #0, CPUs:      #1
[    0.004000] kvm-clock: cpu 1, msr 0:3ff44041, secondary cpu clock
[    0.220055] smp: Brought up 1 node, 2 CPUs
[    0.222229] smpboot: Max logical packages: 1
[    0.224012] smpboot: Total of 2 processors activated (7199.98 BogoMIPS)
[    0.228231] devtmpfs: initialized
[    0.229938] x86/mm: Memory block size: 128MB
[    0.232378] evm: security.selinux
[    0.233791] evm: security.SMACK64
[    0.235212] evm: security.SMACK64EXEC
[    0.236005] evm: security.SMACK64TRANSMUTE
[    0.237817] evm: security.SMACK64MMAP
[    0.240005] evm: security.apparmor
[    0.241583] evm: security.ima
[    0.242938] evm: security.capability
[    0.244231] clocksource: jiffies: mask: 0xffffffff max_cycles: 0xffffffff, max_idle_ns: 7645041785100000 ns
[    0.248028] futex hash table entries: 512 (order: 3, 32768 bytes)
[    0.256000] pinctrl core: initialized pinctrl subsystem
[    0.256231] RTC time: 12:22:22, date: 07/18/20
[    0.260325] NET: Registered protocol family 16
[    0.264192] audit: initializing netlink subsys (disabled)
[    0.266954] audit: type=2000 audit(1595074949.615:1): state=initialized audit_enabled=0 res=1
[    0.272016] cpuidle: using governor ladder
[    0.274308] cpuidle: using governor menu
[    0.276080] ACPI: bus type PCI registered
[    0.278245] acpiphp: ACPI Hot Plug PCI Controller Driver version: 0.5
[    0.280234] PCI: Using configuration type 1 for base access
[    0.288112] HugeTLB registered 2.00 MiB page size, pre-allocated 0 pages
[    0.292188] ACPI: Added _OSI(Module Device)
[    0.294455] ACPI: Added _OSI(Processor Device)
[    0.296018] ACPI: Added _OSI(3.0 _SCP Extensions)
[    0.300019] ACPI: Added _OSI(Processor Aggregator Device)
[    0.302727] ACPI: Added _OSI(Linux-Dell-Video)
[    0.304006] ACPI: Added _OSI(Linux-Lenovo-NV-HDMI-Audio)
[    0.308006] ACPI: Added _OSI(Linux-HPI-Hybrid-Graphics)
[    0.312723] ACPI: Executed 1 blocks of module-level executable AML code
[    0.326698] ACPI: Interpreter enabled
[    0.328035] ACPI: (supports S0 S5)
[    0.329900] ACPI: Using IOAPIC for interrupt routing
[    0.332704] PCI: Using host bridge windows from ACPI; if necessary, use "pci=nocrs" and report a bug
[    0.336480] ACPI: Enabled 2 GPEs in block 00 to 07
[    0.360000] ACPI: PCI Root Bridge [PCI0] (domain 0000 [bus 00-ff])
[    0.360016] acpi PNP0A03:00: _OSC: OS supports [ASPM ClockPM Segments MSI]
[    0.365450] acpi PNP0A03:00: _OSC: not requesting OS control; OS requires [ExtendedConfig ASPM ClockPM MSI]
[    0.368028] acpi PNP0A03:00: fail to add MMCONFIG information, can't access extended PCI configuration space under this bridge.
[    0.373089] PCI host bridge to bus 0000:00
[    0.376009] pci_bus 0000:00: root bus resource [io  0x0000-0x0cf7 window]
[    0.380008] pci_bus 0000:00: root bus resource [io  0x0d00-0xffff window]
[    0.384007] pci_bus 0000:00: root bus resource [mem 0x000a0000-0x000bffff window]
[    0.388006] pci_bus 0000:00: root bus resource [mem 0x40000000-0xfdffffff window]
[    0.392007] pci_bus 0000:00: root bus resource [bus 00-ff]
[    0.401311] pci 0000:00:01.1: legacy IDE quirk: reg 0x10: [io  0x01f0-0x01f7]
[    0.404030] pci 0000:00:01.1: legacy IDE quirk: reg 0x14: [io  0x03f6]
[    0.408006] pci 0000:00:01.1: legacy IDE quirk: reg 0x18: [io  0x0170-0x0177]
[    0.412006] pci 0000:00:01.1: legacy IDE quirk: reg 0x1c: [io  0x0376]
[    0.447277] pci 0000:00:07.0: quirk: [io  0x4000-0x403f] claimed by PIIX4 ACPI
[    0.448039] pci 0000:00:07.0: quirk: [io  0x4100-0x410f] claimed by PIIX4 SMB
[    0.467605] ACPI: PCI Interrupt Link [LNKA] (IRQs 5 9 10 *11)
[    0.468990] ACPI: PCI Interrupt Link [LNKB] (IRQs 5 9 *10 11)
[    0.472328] ACPI: PCI Interrupt Link [LNKC] (IRQs 5 *9 10 11)
[    0.476352] ACPI: PCI Interrupt Link [LNKD] (IRQs 5 9 10 *11)
[    0.480928] SCSI subsystem initialized
[    0.484102] pci 0000:00:02.0: vgaarb: setting as boot VGA device
[    0.487209] pci 0000:00:02.0: vgaarb: VGA device added: decodes=io+mem,owns=io+mem,locks=none
[    0.488010] pci 0000:00:02.0: vgaarb: bridge control possible
[    0.492005] vgaarb: loaded
[    0.496064] ACPI: bus type USB registered
[    0.498301] usbcore: registered new interface driver usbfs
[    0.500034] usbcore: registered new interface driver hub
[    0.504040] usbcore: registered new device driver usb
[    0.508049] EDAC MC: Ver: 3.0.0
[    0.510341] PCI: Using ACPI for IRQ routing
[    0.512686] NetLabel: Initializing
[    0.514513] NetLabel:  domain hash size = 128
[    0.516005] NetLabel:  protocols = UNLABELED CIPSOv4 CALIPSO
[    0.520041] NetLabel:  unlabeled traffic allowed by default
[    0.524297] clocksource: Switched to clocksource kvm-clock
[    0.567459] VFS: Disk quotas dquot_6.6.0
[    0.569580] VFS: Dquot-cache hash table entries: 512 (order 0, 4096 bytes)
[    0.574225] AppArmor: AppArmor Filesystem Enabled
[    0.576574] pnp: PnP ACPI init
[    0.581100] pnp: PnP ACPI: found 3 devices
[    0.605390] clocksource: acpi_pm: mask: 0xffffff max_cycles: 0xffffff, max_idle_ns: 2085701024 ns
[    0.610037] NET: Registered protocol family 2
[    0.612438] TCP established hash table entries: 8192 (order: 4, 65536 bytes)
[    0.615519] TCP bind hash table entries: 8192 (order: 5, 131072 bytes)
[    0.622878] TCP: Hash tables configured (established 8192 bind 8192)
[    0.628872] UDP hash table entries: 512 (order: 2, 16384 bytes)
[    0.631903] UDP-Lite hash table entries: 512 (order: 2, 16384 bytes)
[    0.635156] NET: Registered protocol family 1
[    0.637587] pci 0000:00:00.0: Limiting direct PCI/PCI transfers
[    0.640732] pci 0000:00:01.0: Activating ISA DMA hang workarounds
[    0.643954] pci 0000:00:02.0: Video device with shadowed ROM at [mem 0x000c0000-0x000dffff]
[    0.648554] Unpacking initramfs...
[    1.268781] Freeing initrd memory: 19216K
[    1.271117] clocksource: tsc: mask: 0xffffffffffffffff max_cycles: 0x19f226b2958, max_idle_ns: 440795203083 ns
[    1.276145] platform rtc_cmos: registered platform RTC device (no PNP device found)
[    1.280055] Scanning for low memory corruption every 60 seconds
[    1.284819] Initialise system trusted keyrings
[    1.287219] Key type blacklist registered
[    1.289701] workingset: timestamp_bits=36 max_order=18 bucket_order=0
[    1.295555] zbud: loaded
[    1.298508] squashfs: version 4.0 (2009/01/31) Phillip Lougher
[    1.302118] fuse init (API version 7.26)
[    1.316097] Key type asymmetric registered
[    1.318327] Asymmetric key parser 'x509' registered
[    1.320962] Block layer SCSI generic (bsg) driver version 0.4 loaded (major 246)
[    1.325116] io scheduler noop registered
[    1.327249] io scheduler deadline registered
[    1.329591] io scheduler cfq registered (default)
[    1.332719] ACPI: AC Adapter [AC] (off-line)
[    1.335115] input: Power Button as /devices/LNXSYSTM:00/LNXPWRBN:00/input/input0
[    1.339385] ACPI: Power Button [PWRF]
[    1.341705] input: Sleep Button as /devices/LNXSYSTM:00/LNXSLPBN:00/input/input1
[    1.345658] ACPI: Sleep Button [SLPF]
[    1.350574] ACPI: Battery Slot [BAT0] (battery present)
[    1.353784] Serial: 8250/16550 driver, 32 ports, IRQ sharing enabled
[    1.379175] 00:02: ttyS0 at I/O 0x3f8 (irq = 4, base_baud = 115200) is a 16550A
[    1.393352] Linux agpgart interface v0.103
[    1.400205] loop: module loaded
[    1.403355] scsi host0: ata_piix
[    1.405726] scsi host1: ata_piix
[    1.407602] ata1: PATA max UDMA/33 cmd 0x1f0 ctl 0x3f6 bmdma 0xd000 irq 14
[    1.411184] ata2: PATA max UDMA/33 cmd 0x170 ctl 0x376 bmdma 0xd008 irq 15
[    1.414824] libphy: Fixed MDIO Bus: probed
[    1.417072] tun: Universal TUN/TAP device driver, 1.6
[    1.420052] PPP generic driver version 2.4.2
[    1.422656] ehci_hcd: USB 2.0 'Enhanced' Host Controller (EHCI) Driver
[    1.426201] ehci-pci: EHCI PCI platform driver
[    1.428636] ehci-platform: EHCI generic platform driver
[    1.431399] ohci_hcd: USB 1.1 'Open' Host Controller (OHCI) Driver
[    1.434527] ohci-pci: OHCI PCI platform driver
[    1.436937] ohci-platform: OHCI generic platform driver
[    1.439798] uhci_hcd: USB Universal Host Controller Interface driver
[    1.443121] i8042: PNP: PS/2 Controller [PNP0303:PS2K,PNP0f03:PS2M] at 0x60,0x64 irq 1,12
[    1.448580] serio: i8042 KBD port at 0x60,0x64 irq 1
[    1.451470] serio: i8042 AUX port at 0x60,0x64 irq 12
[    1.454735] mousedev: PS/2 mouse device common for all mice
[    1.459217] rtc_cmos rtc_cmos: rtc core: registered rtc_cmos as rtc0
[    1.462581] input: AT Translated Set 2 keyboard as /devices/platform/i8042/serio0/input/input2
[    1.464268] rtc_cmos rtc_cmos: alarms up to one day, 114 bytes nvram
[    1.470050] i2c /dev entries driver
[    1.472062] device-mapper: uevent: version 1.0.3
[    1.474995] device-mapper: ioctl: 4.37.0-ioctl (2017-09-20) initialised: dm-devel@redhat.com
[    1.479719] ledtrig-cpu: registered to indicate activity on CPUs
[    1.485570] NET: Registered protocol family 10
[    1.496580] Segment Routing with IPv6
[    1.498941] NET: Registered protocol family 17
[    1.501237] Key type dns_resolver registered
[    1.504231] mce: Using 0 MCE banks
[    1.506246] RAS: Correctable Errors collector initialized.
[    1.509415] sched_clock: Marking stable (1509360969, 0)->(1805472541, -296111572)
[    1.515101] registered taskstats version 1
[    1.517409] Loading compiled-in X.509 certificates
[    1.525660] Loaded X.509 cert 'Build time autogenerated kernel key: e7f49a8350fc58df7a2fc42bf39ecd356db1ebb3'
[    1.530918] zswap: loaded using pool lzo/zbud
[    1.543167] Key type big_key registered
[    1.545280] Key type trusted registered
[    1.551699] Key type encrypted registered
[    1.554018] AppArmor: AppArmor sha1 policy hashing enabled
[    1.556766] ima: No TPM chip found, activating TPM-bypass! (rc=-19)
[    1.560088] ima: Allocated hash algorithm: sha1
[    1.562619] evm: HMAC attrs: 0x1
[    1.565009]   Magic number: 12:453:380
[    1.567271] rtc_cmos rtc_cmos: setting system clock to 2020-07-18 12:22:23 UTC (1595074943)
[    1.576142] BIOS EDD facility v0.16 2004-Jun-25, 0 devices found
[    1.579164] EDD information not available.
[    1.606490] Freeing unused kernel image memory: 2436K
[    1.616565] Write protecting the kernel read-only data: 20480k
[    1.621363] Freeing unused kernel image memory: 2008K
[    1.624795] Freeing unused kernel image memory: 1872K
[    1.648416] x86/mm: Checked W+X mappings: passed, no W+X pages found.
[    1.651611] x86/mm: Checking user space page tables
[    1.675501] x86/mm: Checked W+X mappings: passed, no W+X pages found.
Loading, please wait...
starting version 237
[    1.845082] e1000: Intel(R) PRO/1000 Network Driver - version 7.3.21-k8-NAPI
[    1.845096] Fusion MPT base driver 3.04.20
[    1.848601] e1000: Copyright (c) 1999-2006 Intel Corporation.
[    1.850825] Copyright (c) 1999-2008 LSI Corporation
[    1.875275] Fusion MPT SPI Host driver 3.04.20
[    1.926483] AVX2 version of gcm_enc/dec engaged.
[    1.928099] AES CTR mode by8 optimization enabled
[    2.074345] input: ImExPS/2 Generic Explorer Mouse as /devices/platform/i8042/serio1/input/input4
[    2.375336] e1000 0000:00:03.0 eth0: (PCI:33MHz:32-bit) 02:27:36:10:00:0e
[    2.379602] e1000 0000:00:03.0 eth0: Intel(R) PRO/1000 Network Connection
[    2.386709] mptbase: ioc0: Initiating bringup
[    2.387312] e1000 0000:00:03.0 enp0s3: renamed from eth0
[    2.493963] ioc0: LSI53C1030 A0: Capabilities={Initiator}
[    2.746179] scsi host2: ioc0: LSI53C1030 A0, FwRev=00000000h, Ports=1, MaxQ=256, IRQ=20
[    2.921993] scsi 2:0:0:0: Direct-Access     VBOX     HARDDISK         1.0  PQ: 0 ANSI: 5
[    2.957144] scsi target2:0:0: Beginning Domain Validation
[    2.971555] scsi target2:0:0: Domain Validation skipping write tests
[    2.977301] scsi target2:0:0: Ending Domain Validation
[    2.981929] scsi target2:0:0: asynchronous
[    2.988557] scsi 2:0:1:0: Direct-Access     VBOX     HARDDISK         1.0  PQ: 0 ANSI: 5
[    3.024973] scsi target2:0:1: Beginning Domain Validation
[    3.028904] random: fast init done
[    3.035844] scsi target2:0:1: Domain Validation skipping write tests
[    3.039365] scsi target2:0:1: Ending Domain Validation
[    3.042280] scsi target2:0:1: asynchronous
[    3.058678] random: systemd-udevd: uninitialized urandom read (16 bytes read)
[    3.058750] sd 2:0:0:0: Attached scsi generic sg0 type 0
[    3.064538] random: systemd-udevd: uninitialized urandom read (16 bytes read)
[    3.067743] sd 2:0:1:0: Attached scsi generic sg1 type 0
[    3.071588] random: systemd-udevd: uninitialized urandom read (16 bytes read)
[    3.076222] sd 2:0:0:0: [sda] 20971520 512-byte logical blocks: (10.7 GB/10.0 GiB)
[    3.077965] sd 2:0:0:0: [sda] Write Protect is off
[    3.079013] sd 2:0:1:0: [sdb] 20480 512-byte logical blocks: (10.5 MB/10.0 MiB)
[    3.079899] sd 2:0:0:0: [sda] Incomplete mode parameter data
[    3.081796] sd 2:0:0:0: [sda] Assuming drive cache: write through
[    3.081818] sd 2:0:1:0: [sdb] Write Protect is off
[    3.084534] sd 2:0:1:0: [sdb] Incomplete mode parameter data
[    3.085695] sd 2:0:1:0: [sdb] Assuming drive cache: write through
[    3.091908]  sda: sda1
[    3.093854] sd 2:0:0:0: [sda] Attached SCSI disk
[    3.115375] sd 2:0:1:0: [sdb] Attached SCSI disk
Begin: Loading essential drivers ... [    5.344429] raid6: sse2x1   gen() 11093 MB/s
[    5.392278] raid6: sse2x1   xor()  3465 MB/s
[    5.440111] raid6: sse2x2   gen()  5858 MB/s
[    5.488136] raid6: sse2x2   xor()  3921 MB/s
[    5.536127] raid6: sse2x4   gen()  6654 MB/s
[    5.584544] raid6: sse2x4   xor()  4270 MB/s
[    5.632357] raid6: avx2x1   gen()  9472 MB/s
[    5.680773] raid6: avx2x1   xor()  6456 MB/s
[    5.728097] raid6: avx2x2   gen() 11463 MB/s
[    5.776128] raid6: avx2x2   xor()  7095 MB/s
[    5.824128] raid6: avx2x4   gen() 12981 MB/s
[    5.872448] raid6: avx2x4   xor()  7997 MB/s
[    5.874730] raid6: using algorithm avx2x4 gen() 12981 MB/s
[    5.877602] raid6: .... xor() 7997 MB/s, rmw enabled
[    5.880173] raid6: using avx2x2 recovery algorithm
[    5.885732] xor: automatically using best checksumming function   avx       
[    5.892040] async_tx: api initialized (async)
done.
Begin: Running /scripts/init-premount ... done.
Begin: Mounting root file system ... Begin: Running /scripts/local-top ... done.
Begin: Running /scripts/local-premount ... [    5.998963] Btrfs loaded, crc32c=crc32c-intel
Scanning for Btrfs filesystems
done.
Warning: fsck not present, so skipping root file system
[    6.094286] EXT4-fs (sda1): mounted filesystem with ordered data mode. Opts: (null)
done.
Begin: Running /scripts/local-bottom ... done.
Begin: Running /scripts/init-bottom ... done.
[    7.006218] ip_tables: (C) 2000-2006 Netfilter Core Team
[    7.106141] systemd[1]: systemd 237 running in system mode. (+PAM +AUDIT +SELINUX +IMA +APPARMOR +SMACK +SYSVINIT +UTMP +LIBCRYPTSETUP +GCRYPT +GNUTLS +ACL +XZ +LZ4 +SECCOMP +BLKID +ELFUTILS +KMOD -IDN2 +IDN -PCRE2 default-hierarchy=hybrid)
[    7.123489] systemd[1]: Detected virtualization oracle.
[    7.127640] systemd[1]: Detected architecture x86-64.

Welcome to [1mUbuntu 18.04.4 LTS[0m!

[    7.158463] systemd[1]: Set hostname to <ubuntu>.
[    7.186379] systemd[1]: Initializing machine ID from random generator.
[    7.190613] systemd[1]: Installed transient /etc/machine-id file.
[    8.096029] random: crng init done
[    8.099335] random: 7 urandom warning(s) missed due to ratelimiting
[    8.805117] systemd[1]: Created slice User and Session Slice.
[[0;32m  OK  [0m] Created slice User and Session Slice.
[    8.810032] systemd[1]: Reached target User and Group Name Lookups.
[[0;32m  OK  [0m] Reached target User and Group Name Lookups.
[    8.815010] systemd[1]: Set up automount Arbitrary Executable File Formats File System Automount Point.
[[0;32m  OK  [0m] Set up automount Arbitrary Executab…rmats File System Automount Point.
[    8.821537] systemd[1]: Started Forward Password Requests to Wall Directory Watch.
[[0;32m  OK  [0m] Started Forward Password Requests to Wall Directory Watch.
[[0;32m  OK  [0m] Reached target Swap.
[[0;32m  OK  [0m] Reached target System Time Synchronized.
[[0;32m  OK  [0m] Created slice System Slice.
[[0;32m  OK  [0m] Reached target Slices.
[[0;32m  OK  [0m] Listening on udev Control Socket.
[[0;32m  OK  [0m] Listening on LVM2 poll daemon socket.
[[0;32m  OK  [0m] Created slice system-serial\x2dgetty.slice.
[[0;32m  OK  [0m] Listening on Journal Socket.
         Starting Remount Root and Kernel File Systems...
         Starting Load Kernel Modules...
[    8.898548] EXT4-fs (sda1): re-mounted. Opts: (null)
         Starting Uncomplicated firewall...
         Starting Create list of required st…ce nodes for the current kernel...
         Starting Set the console keyboard layout...
[[0;32m  OK  [0m] Listening on Journal Socket (/dev/log).
         Mounting POSIX Message Queue File System...
[[0;32m  OK  [0m] Listening on udev Kernel Socket.
         Mounting Huge Pages File System...
         Mounting Kernel Debug File System...
         Starting udev Coldplug all Devices...
[    9.019558] Loading iSCSI transport class v2.0-870.
[[0;32m  OK  [0m] Listening on /dev/initctl Compatibility Named Pipe.
[[0;32m  OK  [0m] Listening on Device-mapper event daemon FIFOs.
[[0;32m  OK  [0m] Listening on Journal Audit Socket.
[[0;32m  OK  [0m] Listening on LVM2 metadata daemon socket.
         Starting Monitoring of LVM2 mirrors…ng dmeventd or progress polling...
[[0;32m  OK  [0m] Listening on Network Service Netlink Socket.
[[0;32m  OK  [0m] Listening on Syslog Socket.
         Starting Journal Service...
[[0;32m  OK  [0m] Started Remount Root and Kernel File Systems.
[[0;32m  OK  [0m] Started Uncomplicated firewall.
[[0;32m  OK  [0m] Started Create list of required sta…vice nodes for the current kernel.
[[0;32m  OK  [0m] Mounted POSIX Message Queue File System.
[[0;32m  OK  [0m] Mounted Huge Pages File System.
[[0;32m  OK  [0m] Mounted Kernel Debug File System.
         Starting Create Static Device Nodes in /dev...
         Starting Load/Save Random Seed...
[    9.250297] iscsi: registered transport (tcp)
[[0;32m  OK  [0m] Started udev Coldplug all Devices.
[[0;32m  OK  [0m] Started Load/Save Random Seed.
[[0;32m  OK  [0m] Started Journal Service.
         Starting Flush Journal to Persistent Storage...
[[0;32m  OK  [0m] Started LVM2 metadata daemon.
[    9.618817] systemd-journald[396]: Received request to flush runtime journal from PID 1
[[0;32m  OK  [0m] Started Create Static Device Nodes in /dev.
         Starting udev Kernel Device Manager...
[    9.704882] iscsi: registered transport (iser)
[[0;32m  OK  [0m] Started Load Kernel Modules.
         Mounting Kernel Configuration File System...
         Mounting FUSE Control File System...
         Starting Apply Kernel Variables...
[[0;32m  OK  [0m] Mounted Kernel Configuration File System.
[[0;32m  OK  [0m] Mounted FUSE Control File System.
[[0;32m  OK  [0m] Started Set the console keyboard layout.
[[0;32m  OK  [0m] Started Monitoring of LVM2 mirrors,…sing dmeventd or progress polling.
[[0;32m  OK  [0m] Reached target Local File Systems (Pre).
[[0;32m  OK  [0m] Reached target Local File Systems.
         Starting Tell Plymouth To Write Out Runtime Data...
         Starting Commit a transient machine-id on disk...
         Starting ebtables ruleset management...
         Starting AppArmor initialization...
         Starting Set console font and keymap...
[[0;32m  OK  [0m] Started Apply Kernel Variables.
[[0;32m  OK  [0m] Started Tell Plymouth To Write Out Runtime Data.
[[0;32m  OK  [0m] Started Flush Journal to Persistent Storage.
         Starting Create Volatile Files and Directories...
[[0;32m  OK  [0m] Started Set console font and keymap.
[[0;32m  OK  [0m] Started Commit a transient machine-id on disk.
[[0;32m  OK  [0m] Started udev Kernel Device Manager.
[[0;32m  OK  [0m] Started Dispatch Password Requests to Console Directory Watch.
[[0;32m  OK  [0m] Reached target Local Encrypted Volumes.
[[0;32m  OK  [0m] Started Create Volatile Files and Directories.
         Starting Update UTMP about System Boot/Shutdown...
[[0;32m  OK  [0m] Started Update UTMP about System Boot/Shutdown.
[[0;32m  OK  [0m] Started ebtables ruleset management.
[[0;32m  OK  [0m] Found device /dev/ttyS0.
[[0;32m  OK  [0m] Listening on Load/Save RF Kill Switch Status /dev/rfkill Watch.
[[0;32m  OK  [0m] Started AppArmor initialization.
         Starting Load AppArmor profiles managed internally by snapd...
         Starting Initial cloud-init job (pre-networking)...
[[0;32m  OK  [0m] Started Load AppArmor profiles managed internally by snapd.
[   19.636781] cloud-init[536]: Cloud-init v. 20.2-45-g5f7825e2-0ubuntu1~18.04.1 running 'init-local' at Sat, 18 Jul 2020 12:22:40 +0000. Up 18.43 seconds.
[[0;32m  OK  [0m] Started Initial cloud-init job (pre-networking).
[[0;32m  OK  [0m] Reached target Network (Pre).
         Starting Network Service...
[[0;32m  OK  [0m] Started Network Service.
         Starting Wait for Network to be Configured...
         Starting Network Name Resolution...
[[0;32m  OK  [0m] Started Network Name Resolution.
[[0;32m  OK  [0m] Reached target Host and Network Name Lookups.
[[0;32m  OK  [0m] Reached target Network.
[[0;32m  OK  [0m] Started Wait for Network to be Configured.
         Starting Initial cloud-init job (metadata service crawler)...
[   23.577211] cloud-init[673]: Cloud-init v. 20.2-45-g5f7825e2-0ubuntu1~18.04.1 running 'init' at Sat, 18 Jul 2020 12:22:44 +0000. Up 23.04 seconds.
[   23.580420] cloud-init[673]: ci-info: ++++++++++++++++++++++++++++++++++++Net device info+++++++++++++++++++++++++++++++++++++
[   23.582743] cloud-init[673]: ci-info: +--------+------+-------------------------+---------------+--------+-------------------+
[   23.596579] cloud-init[673]: ci-info: | Device |  Up  |         Address         |      Mask     | Scope  |     Hw-Address    |
[   23.608989] cloud-init[673]: ci-info: +--------+------+-------------------------+---------------+--------+-------------------+
[   23.611754] cloud-init[673]: ci-info: | enp0s3 | True |        10.0.2.15        | 255.255.255.0 | global | 02:27:36:10:00:0e |
[   23.613910] cloud-init[673]: ci-info: | enp0s3 | True | fe80::27:36ff:fe10:e/64 |       .       |  link  | 02:27:36:10:00:0e |
[   23.628780] cloud-init[673]: ci-info: |   lo   | True |        127.0.0.1        |   255.0.0.0   |  host  |         .         |
[   23.630965] cloud-init[673]: ci-info: |   lo   | True |         ::1/128         |       .       |  host  |         .         |
[   23.645067] cloud-init[673]: ci-info: +--------+------+-------------------------+---------------+--------+-------------------+
[   23.647904] cloud-init[673]: ci-info: ++++++++++++++++++++++++++++Route IPv4 info+++++++++++++++++++++++++++++
[   23.649997] cloud-init[673]: ci-info: +-------+-------------+----------+-----------------+-----------+-------+
[   23.653436] cloud-init[673]: ci-info: | Route | Destination | Gateway  |     Genmask     | Interface | Flags |
[   23.655640] cloud-init[673]: ci-info: +-------+-------------+----------+-----------------+-----------+-------+
[   23.658218] cloud-init[673]: ci-info: |   0   |   0.0.0.0   | 10.0.2.2 |     0.0.0.0     |   enp0s3  |   UG  |
[   23.660025] cloud-init[673]: ci-info: |   1   |   10.0.2.0  | 0.0.0.0  |  255.255.255.0  |   enp0s3  |   U   |
[   23.672385] cloud-init[673]: ci-info: |   2   |   10.0.2.2  | 0.0.0.0  | 255.255.255.255 |   enp0s3  |   UH  |
[   23.674000] cloud-init[673]: ci-info: +-------+-------------+----------+-----------------+-----------+-------+
[   23.676050] cloud-init[673]: ci-info: +++++++++++++++++++Route IPv6 info+++++++++++++++++++
[   23.678235] cloud-init[673]: ci-info: +-------+-------------+---------+-----------+-------+
[   23.679934] cloud-init[673]: ci-info: | Route | Destination | Gateway | Interface | Flags |
[   23.681678] cloud-init[673]: ci-info: +-------+-------------+---------+-----------+-------+
[   23.692819] cloud-init[673]: ci-info: |   1   |  fe80::/64  |    ::   |   enp0s3  |   U   |
[   23.695190] cloud-init[673]: ci-info: |   3   |    local    |    ::   |   enp0s3  |   U   |
[   23.697708] cloud-init[673]: ci-info: |   4   |   ff00::/8  |    ::   |   enp0s3  |   U   |
[   23.713268] cloud-init[673]: ci-info: +-------+-------------+---------+-----------+-------+
[   26.178203] cloud-init[673]: Generating public/private rsa key pair.
[   26.188341] cloud-init[673]: Your identification has been saved in /etc/ssh/ssh_host_rsa_key.
[   26.200369] cloud-init[673]: Your public key has been saved in /etc/ssh/ssh_host_rsa_key.pub.
[   26.212779] cloud-init[673]: The key fingerprint is:
[   26.214162] cloud-init[673]: SHA256:p624gZ+7IbV1sjVqu6QpEfqQijKdE7B+4rDUlPHRLko root@ubuntu-bionic
[   26.224454] cloud-init[673]: The key's randomart image is:
[   26.236387] cloud-init[673]: +---[RSA 2048]----+
[   26.237444] cloud-init[673]: |                 |
[   26.238467] cloud-init[673]: |      .          |
[   26.239431] cloud-init[673]: |   . . .         |
[   26.240421] cloud-init[673]: |.   = o          |
[   26.252408] cloud-init[673]: | o E +..S =      |
[   26.265076] cloud-init[673]: |. O oo.o X .     |
[   26.276732] cloud-init[673]: |++ Bo.+ * .      |
[   26.288519] cloud-init[673]: |B++.oo X o       |
[   26.289631] cloud-init[673]: |+oo. .X++.       |
[   26.290693] cloud-init[673]: +----[SHA256]-----+
[   26.291915] cloud-init[673]: Generating public/private dsa key pair.
[   26.293330] cloud-init[673]: Your identification has been saved in /etc/ssh/ssh_host_dsa_key.
[   26.295002] cloud-init[673]: Your public key has been saved in /etc/ssh/ssh_host_dsa_key.pub.
[   26.296731] cloud-init[673]: The key fingerprint is:
[   26.297861] cloud-init[673]: SHA256:fzoW6hAyUAtW93qb0dlzWvd/yr0K0Pc3FevwJfKuj/c root@ubuntu-bionic[[0;32m  OK  [0m] Started Initial cloud-init job (metadata service crawler).
[[0;32m  OK  [0m] Reached target Cloud-config availability.
[[0;32m  OK  [0m] Reached target Network is Online.

[   26.302358] cloud-init[673]: The key's randomart image is:
[   26.303481] cloud-init[673]: +---[DSA 1024]----+
[   26.304800] cloud-init[673]: |  o.o .          |
         Starting Availability of block devices...
[[0;32m  OK  [0m] Reached target Remote File Systems (Pre).
[   26.308434] [[0;32m  OK  [0m] Reached target Remote File Systems.
[[0;32m  OK  [0m] Reached target System Initialization.
[[0;32m  OK  [0m] Started Discard unused blocks once a week.
cloud-init[673]: | . o o .         |[[0;32m  OK  [0m] Started ACPI Events Check.
[[0;32m  OK  [0m] Listening on ACPID Listen Socket.
[[0;32m  OK  [0m] Listening on UUID daemon activation socket.
[[0;32m  OK  [0m] Started Daily apt download activities.
[[0;32m  OK  [0m] Started Daily apt upgrade and clean activities.
[[0;32m  OK  [0m] Listening on Open-iSCSI iscsid Socket.
[[0;32m  OK  [0m] Reached target Paths.

[   26.316813] cloud-init[673]: |  . .   .      . |
[   26.317723] cloud-init[673]: |   .   . ..o    o|
[[0;32m  OK  [0m] Started Message of the Day.
[   26.319171]          Starting Socket activation for snappy daemon.
cloud-init[673]: |    o o S.o.+o+.+|
[   26.323764] cloud-init[673]: |     o o =o .B=o+|
[   26.324787] cloud-init[673]: |      . o..oo .=o|
[   26.326017] cloud-init[673]: |       .. oo.+..=|
[   26.327683] cloud-init[673]: |       .....o=*+E|
[   26.328645] cloud-init[673]: +----[SHA256]-----+
[   26.329834] cloud-init[673]: Generating public/private ecdsa key pair.
[   26.331821] cloud-init[673]: Your identification has been saved in /etc/ssh/ssh_host_ecdsa_key.
         Starting LXD - unix socket.
[   26.333596] cloud-init[[0;32m  OK  [0m] Listening on D-Bus System Message Bus Socket.
[[0;32m  OK  [0m] Started Daily Cleanup of Temporary Directories.
[[0;32m  OK  [0m] Reached target Timers.
[[0;32m  OK  [0m] Listening on Socket activation for snappy daemon.
[673]: Your public key has been saved in /etc/ssh/ssh_host_ecdsa_key.pub.
[   26.336138] cloud-init[673]: The key fingerprint is:
[[0;32m  OK  [0m] Listening on LXD - unix socket.
[[0;32m  OK  [0m] Reached target Sockets.
[[0;32m  OK  [0m] Reached target Basic System.
[   26.336920] cloud-init[673]: SHA256:JMQ8oUjut6WyJn9hnuTMwwPKhhJRoy5y5oEN8OErIqI root@ubuntu-bionic
[   26.340055] cloud-init[673]: The key's randomart image is:
[   26.340893] cloud-init[673]: +---[ECDSA 256]---+
[   26.341394] cloud-init[673]: |  .  oo.         |
[   26.341840] cloud-init[673]: |.o+. o+          |
[   26.342331] cloud-init[673]: |.=oo. ...        |
[   26.343450] cloud-init[673]: |+.o    o         |
[   26.344475] cloud-init[673]: |.=... . S        |
[   26.345097] cloud-init[673]: |X.B.++           |
[   26.346393] cloud-init[673]: |XB.@oo           |
         Starting Dispatcher daemon for systemd-networkd...
[   26.357084] cloud-init[673]: |Eooo@            |
         Starting LSB: automatic crash report generation...
[   26.373193]          Starting LXD - container startup/shutdown...
         Starting Accounts Service...
cloud-init[673]: |o+o. o           |
         Starting Login Service...
[   26.388699] cloud-init[673]: +----[SHA256]-----+
[   26.400464]          Starting System Logging Service...
cloud-init[673]: Generating public/private ed25519 key pair.
         Starting Permit User Sessions...
[   26.412813] cloud-init[673]: Your identification has been saved in /etc/ssh/ssh_host_ed25519_key.
[[0;32m  OK  [0m] Started D-Bus System Message Bus.
[   26.424999] cloud-init[673]: Your public key has been saved in /etc/ssh/ssh_host_ed25519_key.pub.
[   26.426754] cloud-init[673]: The key fingerprint is:
[   26.427685] cloud-init[673]: SHA256:816RGviKqxvLnaIVb5ktrFz9mRzut6tAQPL5Q+DuToc root@ubuntu-bionic
[   26.432325] cloud-init[673]: The key's randomart image is:
[   26.433201] cloud-init[673]: +--[ED25519 256]--+
[   26.444572] cloud-init[673]: |    . o          |
[   26.445578] cloud-init[673]: |     = o         |
[   26.446192] cloud-init[673]: |      = .        |
[   26.446787] cloud-init[673]: |     . + .   .   |
[   26.456781] cloud-init[673]: |    . . S . o    |
[   26.458018] cloud-init[673]: |     = B = o .   |
[   26.459599] cloud-init[673]: |    o E = = .    |
[   26.460370] cloud-init[673]: |   +.X = B =.    |
[   26.473458] cloud-init[673]: |  ..B+*...Xooo   |
[   26.477309] cloud-init[673]: +----[SHA256]-----+
[[0;32m  OK  [0m] Started Login Service.
         Starting Virtualbox guest utils...
         Starting LSB: Record successful boot for GRUB...
[[0;32m  OK  [0m] Started Regular background program processing daemon.
         Starting Pollinate to seed the pseudo random number generator...
[[0;32m  OK  [0m] Started Deferred execution scheduler.
[[0;32m  OK  [0m] Started irqbalance daemon.
[[0;32m  OK  [0m] Started Unattended Upgrades Shutdown.
[[0;32m  OK  [0m] Started FUSE filesystem for LXC.
         Starting Snap Daemon...
[[0;32m  OK  [0m] Started System Logging Service.
[[0;32m  OK  [0m] Started Availability of block devices.
[[0;32m  OK  [0m] Started Permit User Sessions.
         Starting Authorization Manager...
         Starting Hold until boot process finishes up...
         Starting Terminate Plymouth Boot Screen...
[[0;32m  OK  [0m] Started Hold until boot process finishes up.
[[0;32m  OK  [0m] Started Terminate Plymouth Boot Screen.
         Starting Set console scheme...
[[0;32m  OK  [0m] Started Serial Getty on ttyS0.
[[0;32m  OK  [0m] Started Dispatcher daemon for systemd-networkd.
[[0;32m  OK  [0m] Started Set console scheme.
[[0;32m  OK  [0m] Created slice system-getty.slice.
[[0;32m  OK  [0m] Started Getty on tty1.
[[0;32m  OK  [0m] Reached target Login Prompts.
[[0;32m  OK  [0m] Started LSB: automatic crash report generation.
[[0;32m  OK  [0m] Started LSB: Record successful boot for GRUB.
[[0;32m  OK  [0m] Started Authorization Manager.
[[0;32m  OK  [0m] Started Accounts Service.
[[0;32m  OK  [0m] Started Virtualbox guest utils.
[[0;32m  OK  [0m] Started LXD - container startup/shutdown.
[[0;32m  OK  [0m] Started Snap Daemon.
         Starting Wait until snapd is fully seeded...
[[0;32m  OK  [0m] Started Pollinate to seed the pseudo random number generator.
         Starting OpenBSD Secure Shell server...

Ubuntu 18.04.4 LTS ubuntu-bionic ttyS0

ubuntu-bionic login: [   40.809558] cloud-init[1335]: Cloud-init v. 20.2-45-g5f7825e2-0ubuntu1~18.04.1 running 'modules:config' at Sat, 18 Jul 2020 12:23:00 +0000. Up 38.08 seconds.
ci-info: no authorized SSH keys fingerprints found for user ubuntu.
<14>Jul 18 12:23:04 ec2: 
<14>Jul 18 12:23:04 ec2: #############################################################
<14>Jul 18 12:23:04 ec2: -----BEGIN SSH HOST KEY FINGERPRINTS-----
<14>Jul 18 12:23:04 ec2: 1024 SHA256:fzoW6hAyUAtW93qb0dlzWvd/yr0K0Pc3FevwJfKuj/c root@ubuntu-bionic (DSA)
<14>Jul 18 12:23:04 ec2: 256 SHA256:JMQ8oUjut6WyJn9hnuTMwwPKhhJRoy5y5oEN8OErIqI root@ubuntu-bionic (ECDSA)
<14>Jul 18 12:23:04 ec2: 256 SHA256:816RGviKqxvLnaIVb5ktrFz9mRzut6tAQPL5Q+DuToc root@ubuntu-bionic (ED25519)
<14>Jul 18 12:23:04 ec2: 2048 SHA256:p624gZ+7IbV1sjVqu6QpEfqQijKdE7B+4rDUlPHRLko root@ubuntu-bionic (RSA)
<14>Jul 18 12:23:04 ec2: -----END SSH HOST KEY FINGERPRINTS-----
<14>Jul 18 12:23:04 ec2: #############################################################
-----BEGIN SSH HOST KEY KEYS-----
ecdsa-sha2-nistp256 AAAAE2VjZHNhLXNoYTItbmlzdHAyNTYAAAAIbmlzdHAyNTYAAABBBIIg/J3mv6vbxV9x10kAAD6TOpt1EKRaVZlwEVPe+tRWLBecCxI4AHhwnHLmGtv8yixlHn1KN7UDNmPhlZun8MU= root@ubuntu-bionic
ssh-ed25519 AAAAC3NzaC1lZDI1NTE5AAAAIDlpQhZBN3NeJAEX8/ARKHrV6pfFvz6esLw7YAV7YfLC root@ubuntu-bionic
ssh-rsa AAAAB3NzaC1yc2EAAAADAQABAAABAQDVGQwPzAy1K0iZg8+IZFXT3A111jHuexmEnGanNB0AOdjcemY3AoXqwrATmwAVH6j7SStz+dwk1yPv/X/TvrggiDau8iTR9585L0LwU99SyTK6v0ElzISoc8myrlNcz1IsIPUTdLEL1maEawzWbzDyJnYLngANlXDVCElr6evb24kJXLdlnH9TcrMGcG2nK77gbCvm3I2DY8dHWQ2bMNi+JuVjMjM7AKyQgstXFlZHUoKHaQT5/cvqPNomKWXak2NVjl9LZSbIDNSoCj9K+t1Lw3/2lNwLbM2HVWbzhWSnSC2XFIygalqe01vnG6zz6pabL1jV1BQogs9TczDf3OSn root@ubuntu-bionic
-----END SSH HOST KEY KEYS-----
[   42.449769] cloud-init[1465]: Cloud-init v. 20.2-45-g5f7825e2-0ubuntu1~18.04.1 running 'modules:final' at Sat, 18 Jul 2020 12:23:04 +0000. Up 42.11 seconds.
[   42.450004] cloud-init[1465]: ci-info: no authorized SSH keys fingerprints found for user ubuntu.
[   42.450849] cloud-init[1465]: Cloud-init v. 20.2-45-g5f7825e2-0ubuntu1~18.04.1 finished at Sat, 18 Jul 2020 12:23:04 +0000. Datasource DataSourceNoCloud [seed=/dev/sdb][dsmode=net].  Up 42.42 seconds
